<?xml version="1.0" encoding="UTF-8"?>
<testng-results ignored="0" total="2" passed="2" failed="0" skipped="0">
  <reporter-output>
  </reporter-output>
  <suite started-at="2022-06-24T11:01:46 BDT" name="Default suite" finished-at="2022-06-24T11:02:36 BDT" duration-ms="49701">
    <groups>
    </groups>
    <test started-at="2022-06-24T11:01:46 BDT" name="Default test" finished-at="2022-06-24T11:02:36 BDT" duration-ms="49701">
      <class name="com.realezy.qa.testcases.LoginTestCase">
        <test-method is-config="true" signature="setup()[pri:0, instance:com.realezy.qa.testcases.LoginTestCase@20bd8be5]" started-at="2022-06-24T11:01:46 BDT" name="setup" finished-at="2022-06-24T11:02:00 BDT" duration-ms="14198" status="PASS">
          <reporter-output>
          </reporter-output>
        </test-method> <!-- setup -->
        <test-method signature="loginPageInputErrorTest()[pri:1, instance:com.realezy.qa.testcases.LoginTestCase@20bd8be5]" started-at="2022-06-24T11:02:00 BDT" name="loginPageInputErrorTest" finished-at="2022-06-24T11:02:10 BDT" duration-ms="9892" status="PASS">
          <reporter-output>
          </reporter-output>
        </test-method> <!-- loginPageInputErrorTest -->
        <test-method is-config="true" signature="teardown()[pri:0, instance:com.realezy.qa.testcases.LoginTestCase@20bd8be5]" started-at="2022-06-24T11:02:10 BDT" name="teardown" finished-at="2022-06-24T11:02:12 BDT" duration-ms="1342" status="PASS">
          <reporter-output>
          </reporter-output>
        </test-method> <!-- teardown -->
        <test-method is-config="true" signature="setup()[pri:0, instance:com.realezy.qa.testcases.LoginTestCase@20bd8be5]" started-at="2022-06-24T11:02:12 BDT" name="setup" finished-at="2022-06-24T11:02:24 BDT" duration-ms="12039" status="PASS">
          <reporter-output>
          </reporter-output>
        </test-method> <!-- setup -->
        <test-method signature="LoginTest()[pri:2, instance:com.realezy.qa.testcases.LoginTestCase@20bd8be5]" started-at="2022-06-24T11:02:24 BDT" name="LoginTest" finished-at="2022-06-24T11:02:35 BDT" duration-ms="11584" status="PASS">
          <reporter-output>
          </reporter-output>
        </test-method> <!-- LoginTest -->
        <test-method is-config="true" signature="teardown()[pri:0, instance:com.realezy.qa.testcases.LoginTestCase@20bd8be5]" started-at="2022-06-24T11:02:35 BDT" name="teardown" finished-at="2022-06-24T11:02:36 BDT" duration-ms="606" status="PASS">
          <reporter-output>
          </reporter-output>
        </test-method> <!-- teardown -->
      </class> <!-- com.realezy.qa.testcases.LoginTestCase -->
    </test> <!-- Default test -->
  </suite> <!-- Default suite -->
</testng-results>
